CRITICAL - 2020-12-11 19:26:20 --> Allowed fields must be specified for model: App\Models\BooksModel
#0 /Applications/MAMP/htdocs/tugas_besar/system/Model.php(1265): CodeIgniter\Database\Exceptions\DataException::forInvalidAllowedFields('App\\Models\\Book...')
#1 /Applications/MAMP/htdocs/tugas_besar/system/Model.php(735): CodeIgniter\Model->doProtectFields(Array)
#2 /Applications/MAMP/htdocs/tugas_besar/system/Model.php(574): CodeIgniter\Model->insert(Array, false)
#3 /Applications/MAMP/htdocs/tugas_besar/app/Controllers/Books.php(59): CodeIgniter\Model->save(Array)
#4 /Applications/MAMP/htdocs/tugas_besar/system/CodeIgniter.php(918): App\Controllers\Books->save()
#5 /Applications/MAMP/htdocs/tugas_besar/system/CodeIgniter.php(404): CodeIgniter\CodeIgniter->runController(Object(App\Controllers\Books))
#6 /Applications/MAMP/htdocs/tugas_besar/system/CodeIgniter.php(312): CodeIgniter\CodeIgniter->handleRequest(NULL, Object(Config\Cache), false)
#7 /Applications/MAMP/htdocs/tugas_besar/public/index.php(45): CodeIgniter\CodeIgniter->run()
#8 /Applications/MAMP/htdocs/tugas_besar/system/Commands/Server/rewrite.php(34): require_once('/Applications/M...')
#9 {main}
CRITICAL - 2020-12-11 20:00:12 --> Call to undefined method CodeIgniter\Validation\Validation::hasErro()
#0 /Applications/MAMP/htdocs/tugas_besar/system/View/View.php(246): include()
#1 /Applications/MAMP/htdocs/tugas_besar/system/Common.php(1119): CodeIgniter\View\View->render('books/create', Array, true)
#2 /Applications/MAMP/htdocs/tugas_besar/app/Controllers/Books.php(49): view('books/create', Array)
#3 /Applications/MAMP/htdocs/tugas_besar/system/CodeIgniter.php(918): App\Controllers\Books->create()
#4 /Applications/MAMP/htdocs/tugas_besar/system/CodeIgniter.php(404): CodeIgniter\CodeIgniter->runController(Object(App\Controllers\Books))
#5 /Applications/MAMP/htdocs/tugas_besar/system/CodeIgniter.php(312): CodeIgniter\CodeIgniter->handleRequest(NULL, Object(Config\Cache), false)
#6 /Applications/MAMP/htdocs/tugas_besar/public/index.php(45): CodeIgniter\CodeIgniter->run()
#7 /Applications/MAMP/htdocs/tugas_besar/system/Commands/Server/rewrite.php(34): require_once('/Applications/M...')
#8 {main}
CRITICAL - 2020-12-11 20:00:37 --> required  is not a valid rule.
#0 /Applications/MAMP/htdocs/tugas_besar/system/Validation/Validation.php(333): CodeIgniter\Validation\Exceptions\ValidationException::forRuleNotFound('required ')
#1 /Applications/MAMP/htdocs/tugas_besar/system/Validation/Validation.php(189): CodeIgniter\Validation\Validation->processRules('judul', 'judul', 'sd', Array, Array)
#2 /Applications/MAMP/htdocs/tugas_besar/system/Controller.php(219): CodeIgniter\Validation\Validation->run()
#3 /Applications/MAMP/htdocs/tugas_besar/app/Controllers/Books.php(57): CodeIgniter\Controller->validate(Array)
#4 /Applications/MAMP/htdocs/tugas_besar/system/CodeIgniter.php(918): App\Controllers\Books->save()
#5 /Applications/MAMP/htdocs/tugas_besar/system/CodeIgniter.php(404): CodeIgniter\CodeIgniter->runController(Object(App\Controllers\Books))
#6 /Applications/MAMP/htdocs/tugas_besar/system/CodeIgniter.php(312): CodeIgniter\CodeIgniter->handleRequest(NULL, Object(Config\Cache), false)
#7 /Applications/MAMP/htdocs/tugas_besar/public/index.php(45): CodeIgniter\CodeIgniter->run()
#8 /Applications/MAMP/htdocs/tugas_besar/system/Commands/Server/rewrite.php(34): require_once('/Applications/M...')
#9 {main}
CRITICAL - 2020-12-11 20:03:32 --> required  is not a valid rule.
#0 /Applications/MAMP/htdocs/tugas_besar/system/Validation/Validation.php(333): CodeIgniter\Validation\Exceptions\ValidationException::forRuleNotFound('required ')
#1 /Applications/MAMP/htdocs/tugas_besar/system/Validation/Validation.php(189): CodeIgniter\Validation\Validation->processRules('judul', 'judul', 'sd', Array, Array)
#2 /Applications/MAMP/htdocs/tugas_besar/system/Controller.php(219): CodeIgniter\Validation\Validation->run()
#3 /Applications/MAMP/htdocs/tugas_besar/app/Controllers/Books.php(57): CodeIgniter\Controller->validate(Array)
#4 /Applications/MAMP/htdocs/tugas_besar/system/CodeIgniter.php(918): App\Controllers\Books->save()
#5 /Applications/MAMP/htdocs/tugas_besar/system/CodeIgniter.php(404): CodeIgniter\CodeIgniter->runController(Object(App\Controllers\Books))
#6 /Applications/MAMP/htdocs/tugas_besar/system/CodeIgniter.php(312): CodeIgniter\CodeIgniter->handleRequest(NULL, Object(Config\Cache), false)
#7 /Applications/MAMP/htdocs/tugas_besar/public/index.php(45): CodeIgniter\CodeIgniter->run()
#8 /Applications/MAMP/htdocs/tugas_besar/system/Commands/Server/rewrite.php(34): require_once('/Applications/M...')
#9 {main}
CRITICAL - 2020-12-11 20:08:52 --> Table 'books.komik' doesn't exist
#0 /Applications/MAMP/htdocs/tugas_besar/system/Database/MySQLi/Connection.php(331): mysqli->query('SELECT 1\nFROM `...')
#1 /Applications/MAMP/htdocs/tugas_besar/system/Database/BaseConnection.php(741): CodeIgniter\Database\MySQLi\Connection->execute('SELECT 1\nFROM `...')
#2 /Applications/MAMP/htdocs/tugas_besar/system/Database/BaseConnection.php(669): CodeIgniter\Database\BaseConnection->simpleQuery('SELECT 1\nFROM `...')
#3 /Applications/MAMP/htdocs/tugas_besar/system/Database/BaseBuilder.php(1860): CodeIgniter\Database\BaseConnection->query('SELECT 1\nFROM `...', Array, false)
#4 /Applications/MAMP/htdocs/tugas_besar/system/Validation/Rules.php(240): CodeIgniter\Database\BaseBuilder->get()
#5 /Applications/MAMP/htdocs/tugas_besar/system/Validation/Validation.php(325): CodeIgniter\Validation\Rules->is_unique('sd', 'judul', Array, NULL)
#6 /Applications/MAMP/htdocs/tugas_besar/system/Validation/Validation.php(189): CodeIgniter\Validation\Validation->processRules('judul', 'judul', 'sd', Array, Array)
#7 /Applications/MAMP/htdocs/tugas_besar/system/Controller.php(219): CodeIgniter\Validation\Validation->run()
#8 /Applications/MAMP/htdocs/tugas_besar/app/Controllers/Books.php(58): CodeIgniter\Controller->validate(Array)
#9 /Applications/MAMP/htdocs/tugas_besar/system/CodeIgniter.php(918): App\Controllers\Books->save()
#10 /Applications/MAMP/htdocs/tugas_besar/system/CodeIgniter.php(404): CodeIgniter\CodeIgniter->runController(Object(App\Controllers\Books))
#11 /Applications/MAMP/htdocs/tugas_besar/system/CodeIgniter.php(312): CodeIgniter\CodeIgniter->handleRequest(NULL, Object(Config\Cache), false)
#12 /Applications/MAMP/htdocs/tugas_besar/public/index.php(45): CodeIgniter\CodeIgniter->run()
#13 /Applications/MAMP/htdocs/tugas_besar/system/Commands/Server/rewrite.php(34): require_once('/Applications/M...')
#14 {main}
CRITICAL - 2020-12-11 20:10:29 --> Table 'books.komik' doesn't exist
#0 /Applications/MAMP/htdocs/tugas_besar/system/Database/MySQLi/Connection.php(331): mysqli->query('SELECT 1\nFROM `...')
#1 /Applications/MAMP/htdocs/tugas_besar/system/Database/BaseConnection.php(741): CodeIgniter\Database\MySQLi\Connection->execute('SELECT 1\nFROM `...')
#2 /Applications/MAMP/htdocs/tugas_besar/system/Database/BaseConnection.php(669): CodeIgniter\Database\BaseConnection->simpleQuery('SELECT 1\nFROM `...')
#3 /Applications/MAMP/htdocs/tugas_besar/system/Database/BaseBuilder.php(1860): CodeIgniter\Database\BaseConnection->query('SELECT 1\nFROM `...', Array, false)
#4 /Applications/MAMP/htdocs/tugas_besar/system/Validation/Rules.php(240): CodeIgniter\Database\BaseBuilder->get()
#5 /Applications/MAMP/htdocs/tugas_besar/system/Validation/Validation.php(325): CodeIgniter\Validation\Rules->is_unique('sd', 'judul', Array, NULL)
#6 /Applications/MAMP/htdocs/tugas_besar/system/Validation/Validation.php(189): CodeIgniter\Validation\Validation->processRules('judul', 'judul', 'sd', Array, Array)
#7 /Applications/MAMP/htdocs/tugas_besar/system/Controller.php(219): CodeIgniter\Validation\Validation->run()
#8 /Applications/MAMP/htdocs/tugas_besar/app/Controllers/Books.php(58): CodeIgniter\Controller->validate(Array)
#9 /Applications/MAMP/htdocs/tugas_besar/system/CodeIgniter.php(918): App\Controllers\Books->save()
#10 /Applications/MAMP/htdocs/tugas_besar/system/CodeIgniter.php(404): CodeIgniter\CodeIgniter->runController(Object(App\Controllers\Books))
#11 /Applications/MAMP/htdocs/tugas_besar/system/CodeIgniter.php(312): CodeIgniter\CodeIgniter->handleRequest(NULL, Object(Config\Cache), false)
#12 /Applications/MAMP/htdocs/tugas_besar/public/index.php(45): CodeIgniter\CodeIgniter->run()
#13 /Applications/MAMP/htdocs/tugas_besar/system/Commands/Server/rewrite.php(34): require_once('/Applications/M...')
#14 {main}
CRITICAL - 2020-12-11 20:13:36 --> Table 'books.komik' doesn't exist
#0 /Applications/MAMP/htdocs/tugas_besar/system/Database/MySQLi/Connection.php(331): mysqli->query('SELECT 1\nFROM `...')
#1 /Applications/MAMP/htdocs/tugas_besar/system/Database/BaseConnection.php(741): CodeIgniter\Database\MySQLi\Connection->execute('SELECT 1\nFROM `...')
#2 /Applications/MAMP/htdocs/tugas_besar/system/Database/BaseConnection.php(669): CodeIgniter\Database\BaseConnection->simpleQuery('SELECT 1\nFROM `...')
#3 /Applications/MAMP/htdocs/tugas_besar/system/Database/BaseBuilder.php(1860): CodeIgniter\Database\BaseConnection->query('SELECT 1\nFROM `...', Array, false)
#4 /Applications/MAMP/htdocs/tugas_besar/system/Validation/Rules.php(240): CodeIgniter\Database\BaseBuilder->get()
#5 /Applications/MAMP/htdocs/tugas_besar/system/Validation/Validation.php(325): CodeIgniter\Validation\Rules->is_unique('sd', 'judul', Array, NULL)
#6 /Applications/MAMP/htdocs/tugas_besar/system/Validation/Validation.php(189): CodeIgniter\Validation\Validation->processRules('judul', 'judul', 'sd', Array, Array)
#7 /Applications/MAMP/htdocs/tugas_besar/system/Controller.php(219): CodeIgniter\Validation\Validation->run()
#8 /Applications/MAMP/htdocs/tugas_besar/app/Controllers/Books.php(58): CodeIgniter\Controller->validate(Array)
#9 /Applications/MAMP/htdocs/tugas_besar/system/CodeIgniter.php(918): App\Controllers\Books->save()
#10 /Applications/MAMP/htdocs/tugas_besar/system/CodeIgniter.php(404): CodeIgniter\CodeIgniter->runController(Object(App\Controllers\Books))
#11 /Applications/MAMP/htdocs/tugas_besar/system/CodeIgniter.php(312): CodeIgniter\CodeIgniter->handleRequest(NULL, Object(Config\Cache), false)
#12 /Applications/MAMP/htdocs/tugas_besar/public/index.php(45): CodeIgniter\CodeIgniter->run()
#13 /Applications/MAMP/htdocs/tugas_besar/system/Commands/Server/rewrite.php(34): require_once('/Applications/M...')
#14 {main}
CRITICAL - 2020-12-11 20:14:06 --> Table 'books.komik' doesn't exist
#0 /Applications/MAMP/htdocs/tugas_besar/system/Database/MySQLi/Connection.php(331): mysqli->query('SELECT 1\nFROM `...')
#1 /Applications/MAMP/htdocs/tugas_besar/system/Database/BaseConnection.php(741): CodeIgniter\Database\MySQLi\Connection->execute('SELECT 1\nFROM `...')
#2 /Applications/MAMP/htdocs/tugas_besar/system/Database/BaseConnection.php(669): CodeIgniter\Database\BaseConnection->simpleQuery('SELECT 1\nFROM `...')
#3 /Applications/MAMP/htdocs/tugas_besar/system/Database/BaseBuilder.php(1860): CodeIgniter\Database\BaseConnection->query('SELECT 1\nFROM `...', Array, false)
#4 /Applications/MAMP/htdocs/tugas_besar/system/Validation/Rules.php(240): CodeIgniter\Database\BaseBuilder->get()
#5 /Applications/MAMP/htdocs/tugas_besar/system/Validation/Validation.php(325): CodeIgniter\Validation\Rules->is_unique('sd', 'judul', Array, NULL)
#6 /Applications/MAMP/htdocs/tugas_besar/system/Validation/Validation.php(189): CodeIgniter\Validation\Validation->processRules('judul', 'judul', 'sd', Array, Array)
#7 /Applications/MAMP/htdocs/tugas_besar/system/Controller.php(219): CodeIgniter\Validation\Validation->run()
#8 /Applications/MAMP/htdocs/tugas_besar/app/Controllers/Books.php(58): CodeIgniter\Controller->validate(Array)
#9 /Applications/MAMP/htdocs/tugas_besar/system/CodeIgniter.php(918): App\Controllers\Books->save()
#10 /Applications/MAMP/htdocs/tugas_besar/system/CodeIgniter.php(404): CodeIgniter\CodeIgniter->runController(Object(App\Controllers\Books))
#11 /Applications/MAMP/htdocs/tugas_besar/system/CodeIgniter.php(312): CodeIgniter\CodeIgniter->handleRequest(NULL, Object(Config\Cache), false)
#12 /Applications/MAMP/htdocs/tugas_besar/public/index.php(45): CodeIgniter\CodeIgniter->run()
#13 /Applications/MAMP/htdocs/tugas_besar/system/Commands/Server/rewrite.php(34): require_once('/Applications/M...')
#14 {main}
CRITICAL - 2020-12-11 20:20:20 --> Table 'books.komik' doesn't exist
#0 /Applications/MAMP/htdocs/tugas_besar/system/Database/MySQLi/Connection.php(331): mysqli->query('SELECT 1\nFROM `...')
#1 /Applications/MAMP/htdocs/tugas_besar/system/Database/BaseConnection.php(741): CodeIgniter\Database\MySQLi\Connection->execute('SELECT 1\nFROM `...')
#2 /Applications/MAMP/htdocs/tugas_besar/system/Database/BaseConnection.php(669): CodeIgniter\Database\BaseConnection->simpleQuery('SELECT 1\nFROM `...')
#3 /Applications/MAMP/htdocs/tugas_besar/system/Database/BaseBuilder.php(1860): CodeIgniter\Database\BaseConnection->query('SELECT 1\nFROM `...', Array, false)
#4 /Applications/MAMP/htdocs/tugas_besar/system/Validation/Rules.php(240): CodeIgniter\Database\BaseBuilder->get()
#5 /Applications/MAMP/htdocs/tugas_besar/system/Validation/Validation.php(325): CodeIgniter\Validation\Rules->is_unique('sd', 'judul', Array, NULL)
#6 /Applications/MAMP/htdocs/tugas_besar/system/Validation/Validation.php(189): CodeIgniter\Validation\Validation->processRules('judul', 'judul', 'sd', Array, Array)
#7 /Applications/MAMP/htdocs/tugas_besar/system/Controller.php(219): CodeIgniter\Validation\Validation->run()
#8 /Applications/MAMP/htdocs/tugas_besar/app/Controllers/Books.php(58): CodeIgniter\Controller->validate(Array)
#9 /Applications/MAMP/htdocs/tugas_besar/system/CodeIgniter.php(918): App\Controllers\Books->save()
#10 /Applications/MAMP/htdocs/tugas_besar/system/CodeIgniter.php(404): CodeIgniter\CodeIgniter->runController(Object(App\Controllers\Books))
#11 /Applications/MAMP/htdocs/tugas_besar/system/CodeIgniter.php(312): CodeIgniter\CodeIgniter->handleRequest(NULL, Object(Config\Cache), false)
#12 /Applications/MAMP/htdocs/tugas_besar/public/index.php(45): CodeIgniter\CodeIgniter->run()
#13 /Applications/MAMP/htdocs/tugas_besar/system/Commands/Server/rewrite.php(34): require_once('/Applications/M...')
#14 {main}
CRITICAL - 2020-12-11 20:21:08 --> Table 'books.komik' doesn't exist
#0 /Applications/MAMP/htdocs/tugas_besar/system/Database/MySQLi/Connection.php(331): mysqli->query('SELECT 1\nFROM `...')
#1 /Applications/MAMP/htdocs/tugas_besar/system/Database/BaseConnection.php(741): CodeIgniter\Database\MySQLi\Connection->execute('SELECT 1\nFROM `...')
#2 /Applications/MAMP/htdocs/tugas_besar/system/Database/BaseConnection.php(669): CodeIgniter\Database\BaseConnection->simpleQuery('SELECT 1\nFROM `...')
#3 /Applications/MAMP/htdocs/tugas_besar/system/Database/BaseBuilder.php(1860): CodeIgniter\Database\BaseConnection->query('SELECT 1\nFROM `...', Array, false)
#4 /Applications/MAMP/htdocs/tugas_besar/system/Validation/Rules.php(240): CodeIgniter\Database\BaseBuilder->get()
#5 /Applications/MAMP/htdocs/tugas_besar/system/Validation/Validation.php(325): CodeIgniter\Validation\Rules->is_unique('sd', 'judul', Array, NULL)
#6 /Applications/MAMP/htdocs/tugas_besar/system/Validation/Validation.php(189): CodeIgniter\Validation\Validation->processRules('judul', 'judul', 'sd', Array, Array)
#7 /Applications/MAMP/htdocs/tugas_besar/system/Controller.php(219): CodeIgniter\Validation\Validation->run()
#8 /Applications/MAMP/htdocs/tugas_besar/app/Controllers/Books.php(58): CodeIgniter\Controller->validate(Array)
#9 /Applications/MAMP/htdocs/tugas_besar/system/CodeIgniter.php(918): App\Controllers\Books->save()
#10 /Applications/MAMP/htdocs/tugas_besar/system/CodeIgniter.php(404): CodeIgniter\CodeIgniter->runController(Object(App\Controllers\Books))
#11 /Applications/MAMP/htdocs/tugas_besar/system/CodeIgniter.php(312): CodeIgniter\CodeIgniter->handleRequest(NULL, Object(Config\Cache), false)
#12 /Applications/MAMP/htdocs/tugas_besar/public/index.php(45): CodeIgniter\CodeIgniter->run()
#13 /Applications/MAMP/htdocs/tugas_besar/system/Commands/Server/rewrite.php(34): require_once('/Applications/M...')
#14 {main}
