CRITICAL - 2020-12-10 18:12:25 --> Cannot redeclare App\Controllers\Pages::index()
#0 [internal function]: CodeIgniter\Debug\Exceptions->shutdownHandler()
#1 {main}
CRITICAL - 2020-12-10 18:12:33 --> Cannot redeclare App\Controllers\Pages::index()
#0 [internal function]: CodeIgniter\Debug\Exceptions->shutdownHandler()
#1 {main}
CRITICAL - 2020-12-10 18:12:37 --> Cannot redeclare App\Controllers\Pages::index()
#0 [internal function]: CodeIgniter\Debug\Exceptions->shutdownHandler()
#1 {main}
CRITICAL - 2020-12-10 19:09:09 --> Undefined variable: data
#0 /Applications/MAMP/htdocs/tugas_besar/app/Views/layout/header.php(12): CodeIgniter\Debug\Exceptions->errorHandler(8, 'Undefined varia...', '/Applications/M...', 12, Array)
#1 /Applications/MAMP/htdocs/tugas_besar/system/View/View.php(246): include('/Applications/M...')
#2 /Applications/MAMP/htdocs/tugas_besar/system/Common.php(1119): CodeIgniter\View\View->render('layout/header', Array, true)
#3 /Applications/MAMP/htdocs/tugas_besar/app/Controllers/Pages.php(22): view('layout/header', Array)
#4 /Applications/MAMP/htdocs/tugas_besar/system/CodeIgniter.php(918): App\Controllers\Pages->about()
#5 /Applications/MAMP/htdocs/tugas_besar/system/CodeIgniter.php(404): CodeIgniter\CodeIgniter->runController(Object(App\Controllers\Pages))
#6 /Applications/MAMP/htdocs/tugas_besar/system/CodeIgniter.php(312): CodeIgniter\CodeIgniter->handleRequest(NULL, Object(Config\Cache), false)
#7 /Applications/MAMP/htdocs/tugas_besar/public/index.php(45): CodeIgniter\CodeIgniter->run()
#8 /Applications/MAMP/htdocs/tugas_besar/system/Commands/Server/rewrite.php(34): require_once('/Applications/M...')
#9 {main}
CRITICAL - 2020-12-10 19:09:15 --> Undefined variable: data
#0 /Applications/MAMP/htdocs/tugas_besar/app/Views/layout/header.php(12): CodeIgniter\Debug\Exceptions->errorHandler(8, 'Undefined varia...', '/Applications/M...', 12, Array)
#1 /Applications/MAMP/htdocs/tugas_besar/system/View/View.php(246): include('/Applications/M...')
#2 /Applications/MAMP/htdocs/tugas_besar/system/Common.php(1119): CodeIgniter\View\View->render('layout/header', Array, true)
#3 /Applications/MAMP/htdocs/tugas_besar/app/Controllers/Pages.php(22): view('layout/header', Array)
#4 /Applications/MAMP/htdocs/tugas_besar/system/CodeIgniter.php(918): App\Controllers\Pages->about()
#5 /Applications/MAMP/htdocs/tugas_besar/system/CodeIgniter.php(404): CodeIgniter\CodeIgniter->runController(Object(App\Controllers\Pages))
#6 /Applications/MAMP/htdocs/tugas_besar/system/CodeIgniter.php(312): CodeIgniter\CodeIgniter->handleRequest(NULL, Object(Config\Cache), false)
#7 /Applications/MAMP/htdocs/tugas_besar/public/index.php(45): CodeIgniter\CodeIgniter->run()
#8 /Applications/MAMP/htdocs/tugas_besar/system/Commands/Server/rewrite.php(34): require_once('/Applications/M...')
#9 {main}
CRITICAL - 2020-12-10 19:09:17 --> Undefined variable: data
#0 /Applications/MAMP/htdocs/tugas_besar/app/Views/layout/header.php(12): CodeIgniter\Debug\Exceptions->errorHandler(8, 'Undefined varia...', '/Applications/M...', 12, Array)
#1 /Applications/MAMP/htdocs/tugas_besar/system/View/View.php(246): include('/Applications/M...')
#2 /Applications/MAMP/htdocs/tugas_besar/system/Common.php(1119): CodeIgniter\View\View->render('layout/header', Array, true)
#3 /Applications/MAMP/htdocs/tugas_besar/app/Controllers/Pages.php(12): view('layout/header', Array)
#4 /Applications/MAMP/htdocs/tugas_besar/system/CodeIgniter.php(918): App\Controllers\Pages->index()
#5 /Applications/MAMP/htdocs/tugas_besar/system/CodeIgniter.php(404): CodeIgniter\CodeIgniter->runController(Object(App\Controllers\Pages))
#6 /Applications/MAMP/htdocs/tugas_besar/system/CodeIgniter.php(312): CodeIgniter\CodeIgniter->handleRequest(NULL, Object(Config\Cache), false)
#7 /Applications/MAMP/htdocs/tugas_besar/public/index.php(45): CodeIgniter\CodeIgniter->run()
#8 /Applications/MAMP/htdocs/tugas_besar/system/Commands/Server/rewrite.php(34): require_once('/Applications/M...')
#9 {main}
CRITICAL - 2020-12-10 19:30:32 --> Invalid file: pages/contact.php
#0 /Applications/MAMP/htdocs/tugas_besar/system/View/View.php(228): CodeIgniter\Exceptions\FrameworkException::forInvalidFile('pages/contact.p...')
#1 /Applications/MAMP/htdocs/tugas_besar/system/Common.php(1119): CodeIgniter\View\View->render('pages/contact', Array, true)
#2 /Applications/MAMP/htdocs/tugas_besar/app/Controllers/Pages.php(28): view('pages/contact', Array)
#3 /Applications/MAMP/htdocs/tugas_besar/system/CodeIgniter.php(918): App\Controllers\Pages->contact()
#4 /Applications/MAMP/htdocs/tugas_besar/system/CodeIgniter.php(404): CodeIgniter\CodeIgniter->runController(Object(App\Controllers\Pages))
#5 /Applications/MAMP/htdocs/tugas_besar/system/CodeIgniter.php(312): CodeIgniter\CodeIgniter->handleRequest(NULL, Object(Config\Cache), false)
#6 /Applications/MAMP/htdocs/tugas_besar/public/index.php(45): CodeIgniter\CodeIgniter->run()
#7 /Applications/MAMP/htdocs/tugas_besar/system/Commands/Server/rewrite.php(34): require_once('/Applications/M...')
#8 {main}
CRITICAL - 2020-12-10 19:51:04 --> Undefined variable: title
#0 /Applications/MAMP/htdocs/tugas_besar/app/Views/layout/template.php(12): CodeIgniter\Debug\Exceptions->errorHandler(8, 'Undefined varia...', '/Applications/M...', 12, Array)
#1 /Applications/MAMP/htdocs/tugas_besar/system/View/View.php(246): include('/Applications/M...')
#2 /Applications/MAMP/htdocs/tugas_besar/system/View/View.php(257): CodeIgniter\View\View->render('layout/template', Array, true)
#3 /Applications/MAMP/htdocs/tugas_besar/system/Common.php(1119): CodeIgniter\View\View->render('books/index', Array, true)
#4 /Applications/MAMP/htdocs/tugas_besar/app/Controllers/Books.php(12): view('books/index')
#5 /Applications/MAMP/htdocs/tugas_besar/system/CodeIgniter.php(918): App\Controllers\Books->index()
#6 /Applications/MAMP/htdocs/tugas_besar/system/CodeIgniter.php(404): CodeIgniter\CodeIgniter->runController(Object(App\Controllers\Books))
#7 /Applications/MAMP/htdocs/tugas_besar/system/CodeIgniter.php(312): CodeIgniter\CodeIgniter->handleRequest(NULL, Object(Config\Cache), false)
#8 /Applications/MAMP/htdocs/tugas_besar/public/index.php(45): CodeIgniter\CodeIgniter->run()
#9 /Applications/MAMP/htdocs/tugas_besar/system/Commands/Server/rewrite.php(34): require_once('/Applications/M...')
#10 {main}
