CRITICAL - 2020-12-12 00:03:58 --> Undefined variable: k
#0 /Applications/MAMP/htdocs/tugas_besar/app/Views/books/index.php(31): CodeIgniter\Debug\Exceptions->errorHandler(8, 'Undefined varia...', '/Applications/M...', 31, Array)
#1 /Applications/MAMP/htdocs/tugas_besar/system/View/View.php(246): include('/Applications/M...')
#2 /Applications/MAMP/htdocs/tugas_besar/system/Common.php(1119): CodeIgniter\View\View->render('books/index', Array, true)
#3 /Applications/MAMP/htdocs/tugas_besar/app/Controllers/Books.php(27): view('books/index', Array)
#4 /Applications/MAMP/htdocs/tugas_besar/system/CodeIgniter.php(918): App\Controllers\Books->index()
#5 /Applications/MAMP/htdocs/tugas_besar/system/CodeIgniter.php(404): CodeIgniter\CodeIgniter->runController(Object(App\Controllers\Books))
#6 /Applications/MAMP/htdocs/tugas_besar/system/CodeIgniter.php(312): CodeIgniter\CodeIgniter->handleRequest(NULL, Object(Config\Cache), false)
#7 /Applications/MAMP/htdocs/tugas_besar/public/index.php(45): CodeIgniter\CodeIgniter->run()
#8 /Applications/MAMP/htdocs/tugas_besar/system/Commands/Server/rewrite.php(34): require_once('/Applications/M...')
#9 {main}
CRITICAL - 2020-12-12 00:04:47 --> Undefined variable: k
#0 /Applications/MAMP/htdocs/tugas_besar/app/Views/books/index.php(31): CodeIgniter\Debug\Exceptions->errorHandler(8, 'Undefined varia...', '/Applications/M...', 31, Array)
#1 /Applications/MAMP/htdocs/tugas_besar/system/View/View.php(246): include('/Applications/M...')
#2 /Applications/MAMP/htdocs/tugas_besar/system/Common.php(1119): CodeIgniter\View\View->render('books/index', Array, true)
#3 /Applications/MAMP/htdocs/tugas_besar/app/Controllers/Books.php(27): view('books/index', Array)
#4 /Applications/MAMP/htdocs/tugas_besar/system/CodeIgniter.php(918): App\Controllers\Books->index()
#5 /Applications/MAMP/htdocs/tugas_besar/system/CodeIgniter.php(404): CodeIgniter\CodeIgniter->runController(Object(App\Controllers\Books))
#6 /Applications/MAMP/htdocs/tugas_besar/system/CodeIgniter.php(312): CodeIgniter\CodeIgniter->handleRequest(NULL, Object(Config\Cache), false)
#7 /Applications/MAMP/htdocs/tugas_besar/public/index.php(45): CodeIgniter\CodeIgniter->run()
#8 /Applications/MAMP/htdocs/tugas_besar/system/Commands/Server/rewrite.php(34): require_once('/Applications/M...')
#9 {main}
CRITICAL - 2020-12-12 00:41:47 --> Undefined variable: k
#0 /Applications/MAMP/htdocs/tugas_besar/app/Views/books/index.php(31): CodeIgniter\Debug\Exceptions->errorHandler(8, 'Undefined varia...', '/Applications/M...', 31, Array)
#1 /Applications/MAMP/htdocs/tugas_besar/system/View/View.php(246): include('/Applications/M...')
#2 /Applications/MAMP/htdocs/tugas_besar/system/Common.php(1119): CodeIgniter\View\View->render('books/index', Array, true)
#3 /Applications/MAMP/htdocs/tugas_besar/app/Controllers/Books.php(27): view('books/index', Array)
#4 /Applications/MAMP/htdocs/tugas_besar/system/CodeIgniter.php(918): App\Controllers\Books->index()
#5 /Applications/MAMP/htdocs/tugas_besar/system/CodeIgniter.php(404): CodeIgniter\CodeIgniter->runController(Object(App\Controllers\Books))
#6 /Applications/MAMP/htdocs/tugas_besar/system/CodeIgniter.php(312): CodeIgniter\CodeIgniter->handleRequest(NULL, Object(Config\Cache), false)
#7 /Applications/MAMP/htdocs/tugas_besar/public/index.php(45): CodeIgniter\CodeIgniter->run()
#8 /Applications/MAMP/htdocs/tugas_besar/system/Commands/Server/rewrite.php(34): require_once('/Applications/M...')
#9 {main}
CRITICAL - 2020-12-12 01:21:23 --> unlink(img/dsds): No such file or directory
#0 [internal function]: CodeIgniter\Debug\Exceptions->errorHandler(2, 'unlink(img/dsds...', '/Applications/M...', 128, Array)
#1 /Applications/MAMP/htdocs/tugas_besar/app/Controllers/Books.php(128): unlink('img/dsds')
#2 /Applications/MAMP/htdocs/tugas_besar/system/CodeIgniter.php(918): App\Controllers\Books->delete('4')
#3 /Applications/MAMP/htdocs/tugas_besar/system/CodeIgniter.php(404): CodeIgniter\CodeIgniter->runController(Object(App\Controllers\Books))
#4 /Applications/MAMP/htdocs/tugas_besar/system/CodeIgniter.php(312): CodeIgniter\CodeIgniter->handleRequest(NULL, Object(Config\Cache), false)
#5 /Applications/MAMP/htdocs/tugas_besar/public/index.php(45): CodeIgniter\CodeIgniter->run()
#6 /Applications/MAMP/htdocs/tugas_besar/system/Commands/Server/rewrite.php(34): require_once('/Applications/M...')
#7 {main}
CRITICAL - 2020-12-12 01:22:37 --> unlink(img/adada): No such file or directory
#0 [internal function]: CodeIgniter\Debug\Exceptions->errorHandler(2, 'unlink(img/adad...', '/Applications/M...', 128, Array)
#1 /Applications/MAMP/htdocs/tugas_besar/app/Controllers/Books.php(128): unlink('img/adada')
#2 /Applications/MAMP/htdocs/tugas_besar/system/CodeIgniter.php(918): App\Controllers\Books->delete('8')
#3 /Applications/MAMP/htdocs/tugas_besar/system/CodeIgniter.php(404): CodeIgniter\CodeIgniter->runController(Object(App\Controllers\Books))
#4 /Applications/MAMP/htdocs/tugas_besar/system/CodeIgniter.php(312): CodeIgniter\CodeIgniter->handleRequest(NULL, Object(Config\Cache), false)
#5 /Applications/MAMP/htdocs/tugas_besar/public/index.php(45): CodeIgniter\CodeIgniter->run()
#6 /Applications/MAMP/htdocs/tugas_besar/system/Commands/Server/rewrite.php(34): require_once('/Applications/M...')
#7 {main}
CRITICAL - 2020-12-12 01:24:49 --> Undefined variable: komik
#0 /Applications/MAMP/htdocs/tugas_besar/app/Views/books/edit.php(51): CodeIgniter\Debug\Exceptions->errorHandler(8, 'Undefined varia...', '/Applications/M...', 51, Array)
#1 /Applications/MAMP/htdocs/tugas_besar/system/View/View.php(246): include('/Applications/M...')
#2 /Applications/MAMP/htdocs/tugas_besar/system/Common.php(1119): CodeIgniter\View\View->render('books/edit', Array, true)
#3 /Applications/MAMP/htdocs/tugas_besar/app/Controllers/Books.php(142): view('books/edit', Array)
#4 /Applications/MAMP/htdocs/tugas_besar/system/CodeIgniter.php(918): App\Controllers\Books->edit('the-kinfolk-tab...')
#5 /Applications/MAMP/htdocs/tugas_besar/system/CodeIgniter.php(404): CodeIgniter\CodeIgniter->runController(Object(App\Controllers\Books))
#6 /Applications/MAMP/htdocs/tugas_besar/system/CodeIgniter.php(312): CodeIgniter\CodeIgniter->handleRequest(NULL, Object(Config\Cache), false)
#7 /Applications/MAMP/htdocs/tugas_besar/public/index.php(45): CodeIgniter\CodeIgniter->run()
#8 /Applications/MAMP/htdocs/tugas_besar/system/Commands/Server/rewrite.php(34): require_once('/Applications/M...')
#9 {main}
